Start testing: Nov 18 20:05 CET
----------------------------------------------------------
1/1 Testing: sortingAlgosTests
1/1 Test: sortingAlgosTests
Command: "/home/piotrsamczuk/sortingAlgos/build/test/sortingAlgosTests"
Directory: /home/piotrsamczuk/sortingAlgos/build/test
"sortingAlgosTests" start time: Nov 18 20:05 CET
Output:
----------------------------------------------------------
Running main() from /home/piotrsamczuk/sortingAlgos/googletest/googletest/src/gtest_main.cc
[==========] Running 2 tests from 2 test suites.
[----------] Global test environment set-up.
[----------] 1 test from sortingAlgosTests
[ RUN      ] sortingAlgosTests.myMergeSort
[       OK ] sortingAlgosTests.myMergeSort (0 ms)
[----------] 1 test from sortingAlgosTests (0 ms total)

[----------] 1 test from sortingAlgosTest
[ RUN      ] sortingAlgosTest.randomizedMyMergeSort
[       OK ] sortingAlgosTest.randomizedMyMergeSort (1 ms)
[----------] 1 test from sortingAlgosTest (1 ms total)

[----------] Global test environment tear-down
[==========] 2 tests from 2 test suites ran. (1 ms total)
[  PASSED  ] 2 tests.
<end of output>
Test time =   0.01 sec
----------------------------------------------------------
Test Passed.
"sortingAlgosTests" end time: Nov 18 20:05 CET
"sortingAlgosTests" time elapsed: 00:00:00
----------------------------------------------------------

End testing: Nov 18 20:05 CET
