Start testing: Nov 24 00:11 CET
----------------------------------------------------------
1/1 Testing: sortingAlgosTests
1/1 Test: sortingAlgosTests
Command: "/home/piotrsamczuk/wsl2Practice/sortingAlgorithms/build/test/sortingAlgosTests"
Directory: /home/piotrsamczuk/wsl2Practice/sortingAlgorithms/build/test
"sortingAlgosTests" start time: Nov 24 00:11 CET
Output:
----------------------------------------------------------
Running main() from ../googletest/googletest/src/gtest_main.cc
[==========] Running 13 tests from 3 test suites.
[----------] Global test environment set-up.
[----------] 6 tests from myMergeSort
[ RUN      ] myMergeSort.unsortedSmallEdgeCases
[       OK ] myMergeSort.unsortedSmallEdgeCases (0 ms)
[ RUN      ] myMergeSort.sortedSmallEdgeCases
[       OK ] myMergeSort.sortedSmallEdgeCases (0 ms)
[ RUN      ] myMergeSort.reverseSortedSmallEdgeCases
[       OK ] myMergeSort.reverseSortedSmallEdgeCases (0 ms)
[ RUN      ] myMergeSort.randomizedBig
[       OK ] myMergeSort.randomizedBig (16 ms)
[ RUN      ] myMergeSort.empty
[       OK ] myMergeSort.empty (0 ms)
[ RUN      ] myMergeSort.identicalDataSmall
[       OK ] myMergeSort.identicalDataSmall (0 ms)
[----------] 6 tests from myMergeSort (16 ms total)

[----------] 4 tests from returningMerge
[ RUN      ] returningMerge.sameSizeSmallSorted
[       OK ] returningMerge.sameSizeSmallSorted (0 ms)
[ RUN      ] returningMerge.diffSizeSmallSorted
[       OK ] returningMerge.diffSizeSmallSorted (0 ms)
[ RUN      ] returningMerge.sameSizeSmallUnsorted
[       OK ] returningMerge.sameSizeSmallUnsorted (0 ms)
[ RUN      ] returningMerge.diffSizeSmallUnsorted
[       OK ] returningMerge.diffSizeSmallUnsorted (0 ms)
[----------] 4 tests from returningMerge (0 ms total)

[----------] 3 tests from returningSimpleMyMergeSort
[ RUN      ] returningSimpleMyMergeSort.sortedEdgeCases
[       OK ] returningSimpleMyMergeSort.sortedEdgeCases (0 ms)
[ RUN      ] returningSimpleMyMergeSort.reverseSortedSmallEdgeCases
[       OK ] returningSimpleMyMergeSort.reverseSortedSmallEdgeCases (0 ms)
[ RUN      ] returningSimpleMyMergeSort.unsortedSmallEdgeCases
[       OK ] returningSimpleMyMergeSort.unsortedSmallEdgeCases (0 ms)
[----------] 3 tests from returningSimpleMyMergeSort (0 ms total)

[----------] Global test environment tear-down
[==========] 13 tests from 3 test suites ran. (17 ms total)
[  PASSED  ] 13 tests.
<end of output>
Test time =   0.02 sec
----------------------------------------------------------
Test Passed.
"sortingAlgosTests" end time: Nov 24 00:11 CET
"sortingAlgosTests" time elapsed: 00:00:00
----------------------------------------------------------

End testing: Nov 24 00:11 CET
