<?xml version="1.0" encoding="UTF-8"?>
<Site BuildName="Linux-g++-11"
	BuildStamp="20221123-1804-Experimental"
	Name="DESKTOP-D8KF4EK"
	Generator="ctest-3.16.3"
	CompilerName="/usr/bin/g++-11"
	CompilerVersion="11.1.0"
	OSName="Linux"
	Hostname="DESKTOP-D8KF4EK"
	OSRelease="5.10.16.3-microsoft-standard-WSL2"
	OSVersion="#1 SMP Fri Apr 2 22:23:49 UTC 2021"
	OSPlatform="x86_64"
	Is64Bits="1"
	VendorString="AuthenticAMD"
	VendorID="Advanced Micro Devices"
	FamilyID="23"
	ModelID="8"
	ProcessorCacheSize="512"
	NumberOfLogicalCPU="12"
	NumberOfPhysicalCPU="6"
	TotalVirtualMemory="4096"
	TotalPhysicalMemory="12727"
	LogicalProcessorsPerPhysical="2"
	ProcessorClockFrequency="3194"
	>
	<Testing>
		<StartDateTime>Nov 24 00:14 CET</StartDateTime>
		<StartTestTime>1669245267</StartTestTime>
		<TestList>
			<Test>./test/sortingAlgosTests</Test>
		</TestList>
		<Test Status="passed">
			<Name>sortingAlgosTests</Name>
			<Path>./test</Path>
			<FullName>./test/sortingAlgosTests</FullName>
			<FullCommandLine>/home/piotrsamczuk/wsl2Practice/sortingAlgorithms/build/test/sortingAlgosTests</FullCommandLine>
			<Results>
				<NamedMeasurement type="numeric/double" name="Execution Time">
					<Value>0.016746</Value>
				</NamedMeasurement>
				<NamedMeasurement type="numeric/double" name="Processors">
					<Value>1</Value>
				</NamedMeasurement>
				<NamedMeasurement type="text/string" name="Completion Status">
					<Value>Completed</Value>
				</NamedMeasurement>
				<NamedMeasurement type="text/string" name="Command Line">
					<Value>/home/piotrsamczuk/wsl2Practice/sortingAlgorithms/build/test/sortingAlgosTests</Value>
				</NamedMeasurement>
				<Measurement>
					<Value encoding="base64" compression="gzip">eJydU0tPAjEQvu+vmCMcKKwSb158xINRE9ATIaZsZ0uTPkgfKP56u11CdtFl0bl0mvke08fMgtZCc1BU6MEQSmsUEDLmxnCJHp1vps4WY15l7xWcFEW2uD7EEmZ7rfwSKpCr1eoNuCDiSrLF6BBLeJBmRWUNQL0V1miFOoLRj8LmCHzVVFW7J7Qc58b6bAGzt2dIsWwWSNAuLsjmikp5zzjeUocu4ut4eTwLD4MJKDfstvmbyb8sLG7RupSf73SC1G9INTNKfCG7EfyERRMGg3x6WhXVxu+61VK5tzXB4hcRBZV31NN0rG7Fn9iD/Dlfa38i8MZTOczapGmTZNEHW/3+xG03364RRxXO45WldurHaR+gH//rHR3RmCjLfhtCSPa6xriJI2hK8DFP42iC3wQPH9TFmjLbaOqELhBEHNXPApG5GryO1LWRrGLnk4sprHZp0L8BwUJpAw==</Value>
				</Measurement>
			</Results>
		</Test>
		<EndDateTime>Nov 24 00:14 CET</EndDateTime>
		<EndTestTime>1669245267</EndTestTime>
		<ElapsedMinutes>0</ElapsedMinutes>
	</Testing>
</Site>
