<?xml version="1.0" encoding="UTF-8"?>
<Site BuildName="Linux-g++-11"
	BuildStamp="20221118-1442-Experimental"
	Name="DESKTOP-954SNH6"
	Generator="ctest-3.22.1"
	CompilerName="/usr/bin/g++-11"
	CompilerVersion="11.3.0"
	OSName="Linux"
	Hostname="DESKTOP-954SNH6"
	OSRelease="5.10.102.1-microsoft-standard-WSL2"
	OSVersion="#1 SMP Wed Mar 2 00:30:59 UTC 2022"
	OSPlatform="x86_64"
	Is64Bits="1"
	VendorString="GenuineIntel"
	VendorID="Intel Corporation"
	FamilyID="6"
	ModelID="126"
	ProcessorCacheSize="6144"
	NumberOfLogicalCPU="8"
	NumberOfPhysicalCPU="4"
	TotalVirtualMemory="2048"
	TotalPhysicalMemory="6009"
	LogicalProcessorsPerPhysical="2"
	ProcessorClockFrequency="1497.6"
	>
	<Testing>
		<StartDateTime>Nov 18 20:05 CET</StartDateTime>
		<StartTestTime>1668798304</StartTestTime>
		<TestList>
			<Test>./test/sortingAlgosTests</Test>
		</TestList>
		<Test Status="passed">
			<Name>sortingAlgosTests</Name>
			<Path>./test</Path>
			<FullName>./test/sortingAlgosTests</FullName>
			<FullCommandLine>/home/piotrsamczuk/sortingAlgos/build/test/sortingAlgosTests</FullCommandLine>
			<Results>
				<NamedMeasurement type="numeric/double" name="Execution Time">
					<Value>0.00859808</Value>
				</NamedMeasurement>
				<NamedMeasurement type="numeric/double" name="Processors">
					<Value>1</Value>
				</NamedMeasurement>
				<NamedMeasurement type="text/string" name="Completion Status">
					<Value>Completed</Value>
				</NamedMeasurement>
				<NamedMeasurement type="text/string" name="Command Line">
					<Value>/home/piotrsamczuk/sortingAlgos/build/test/sortingAlgosTests</Value>
				</NamedMeasurement>
				<NamedMeasurement type="text/string" name="Environment">
					<Value>#CTEST_RESOURCE_GROUP_COUNT=</Value>
				</NamedMeasurement>
				<Measurement>
					<Value encoding="base64" compression="gzip">eJyVUsFOAyEQvfMVc9w9LFjvHppoPJhWs6unzcbgLiIpMA2wGvv1QmmaVlvbvgtD5r2ZNzD1aK2yEgxXtijh3aEB9oFGsKXC4Dw3/WpcMI8uRNpUS/RMIkotgvBhN/SuZzJFr6kW7XvS3mzRQb1pdA2J43OnfAE/qnhS0lZbdHCv8Y3rTBD2Uzm0RthIFqEal7/Ik8xbF931+px6kRbqlzms0f1NU/M9E06KJiYiNePx4RQViiswvrzAR1ZAwMB1Sc4X/u+fOm4HNGolhtm5gxzWQDG5bKIsODzQse8LgrtqwC+7vx7H1wKiV7rfKc72NG2au9v0HhslJT9zl+nV====</Value>
				</Measurement>
			</Results>
		</Test>
		<EndDateTime>Nov 18 20:05 CET</EndDateTime>
		<EndTestTime>1668798304</EndTestTime>
		<ElapsedMinutes>0</ElapsedMinutes>
	</Testing>
</Site>
